Mem:           3919        2084         249           0        1586        1547
Mem:           3919        2083         250           0        1586        1548
Mem:           3919        2085         248           0        1586        1547
Mem:           3919        2086         247           0        1586        1546
Mem:           3919        2085         247           0        1586        1546
Mem:           3919        2085         248           0        1586        1546
Mem:           3919        2084         248           0        1586        1547
Mem:           3919        2084         248           0        1586        1547
Mem:           3919        2083         249           0        1586        1548
Mem:           3919        2084         249           0        1586        1547
Mem:           3919        2084         249           0        1586        1548
Mem:           3919        2084         248           0        1586        1547
Mem:           3919        2084         249           0        1586        1547
Mem:           3919        2084         248           0        1586        1547
Mem:           3919        2084         248           0        1586        1547
Mem:           3919        2083         250           0        1586        1548
Mem:           3919        2083         250           0        1586        1548
Mem:           3919        2084         249           0        1586        1547
Mem:           3919        2083         250           0        1586        1549
Mem:           3919        2084         249           0        1586        1548
Mem:           3919        2083         249           0        1586        1548
Mem:           3919        2082         251           0        1586        1550
Mem:           3919        2081         252           0        1586        1550
Mem:           3919        2082         251           0        1586        1550
Mem:           3919        2082         251           0        1586        1549
Mem:           3919        2082         251           0        1586        1550
Mem:           3919        2082         250           0        1586        1549
Mem:           3919        2081         251           0        1586        1550
Mem:           3919        2082         251           0        1586        1550
Mem:           3919        2081         251           0        1586        1550
Mem:           3919        2082         251           0        1586        1550
Mem:           3919        2081         252           0        1586        1550
Mem:           3919        2085         245           0        1588        1546
Mem:           3919        2085         245           0        1588        1546
Mem:           3919        2086         244           0        1588        1545
Mem:           3919        2087         244           0        1588        1545
Mem:           3919        2086         244           0        1588        1545
Mem:           3919        2085         245           0        1588        1546
Mem:           3919        2085         245           0        1588        1546
Mem:           3919        2086         245           0        1588        1546
Mem:           3919        2086         245           0        1588        1546
Mem:           3919        2086         244           0        1588        1545
Mem:           3919        2085         245           0        1588        1546
Mem:           3919        2084         247           0        1588        1547
Mem:           3919        2083         247           0        1588        1548
Mem:           3919        2084         246           0        1588        1547
Mem:           3919        2085         246           0        1588        1547
Mem:           3919        2085         245           0        1588        1546
Mem:           3919        2084         246           0        1588        1547
Mem:           3919        2086         244           0        1588        1545
Mem:           3919        2085         246           0        1588        1547
Mem:           3919        2086         244           0        1588        1545
Mem:           3919        2085         245           0        1588        1546
Mem:           3919        2086         244           0        1588        1545
Mem:           3919        2086         245           0        1588        1546
Mem:           3919        2085         246           0        1588        1547
Mem:           3919        2085         245           0        1588        1546
Mem:           3919        2085         245           0        1588        1546
Mem:           3919        2086         244           0        1588        1545
Mem:           3919        2086         244           0        1588        1545
Mem:           3919        2087         244           0        1588        1545
Mem:           3919        2085         245           0        1588        1546
Mem:           3919        2085         245           0        1588        1546
Mem:           3919        2085         245           0        1588        1546
Mem:           3919        2086         244           0        1588        1545
Mem:           3919        2086         244           0        1588        1545
Mem:           3919        2087         243           0        1588        1544
Mem:           3919        2087         244           0        1588        1545
Mem:           3919        2085         245           0        1588        1546
Mem:           3919        2087         244           0        1588        1545
Mem:           3919        2087         243           0        1588        1544
Mem:           3919        2086         245           0        1588        1546
Mem:           3919        2086         244           0        1588        1545
Mem:           3919        2086         245           0        1588        1546
Mem:           3919        2085         245           0        1588        1546
Mem:           3919        2085         245           0        1588        1546
Mem:           3919        2108         222           0        1588        1523
Mem:           3919        2088         242           0        1588        1543
Mem:           3919        2093         237           0        1588        1538
Mem:           3919        2091         239           0        1588        1540
Mem:           3919        2091         239           0        1588        1540
Mem:           3919        2091         239           0        1588        1540
Mem:           3919        2092         238           0        1588        1539
Mem:           3919        2092         238           0        1588        1540
Mem:           3919        2092         238           0        1588        1540
Mem:           3919        2092         239           0        1588        1540
Mem:           3919        2091         239           0        1588        1540
Mem:           3919        2086         245           0        1588        1546
Mem:           3919        2086         244           0        1588        1545
Mem:           3919        2086         245           0        1588        1546
Mem:           3919        2087         244           0        1588        1545
Mem:           3919        2086         244           0        1588        1545
Mem:           3919        2085         245           0        1588        1546
Mem:           3919        2085         245           0        1588        1546
Mem:           3919        2085         245           0        1588        1546
Mem:           3919        2085         245           0        1588        1546
Mem:           3919        2086         244           0        1588        1546
Mem:           3919        2086         245           0        1588        1546
Mem:           3919        2086         244           0        1588        1545
Mem:           3919        2086         244           0        1588        1545
Mem:           3919        2086         244           0        1588        1545
Mem:           3919        2086         244           0        1588        1546
Mem:           3919        2084         246           0        1588        1547
Mem:           3919        2086         244           0        1588        1546
Mem:           3919        2087         243           0        1588        1544
Mem:           3919        2086         244           0        1588        1545
Mem:           3919        2085         245           0        1588        1546
Mem:           3919        2088         242           0        1588        1543
Mem:           3919        2089         241           0        1588        1542
Mem:           3919        2089         241           0        1588        1543
Mem:           3919        2092         238           0        1588        1539
Mem:           3919        2089         241           0        1588        1542
Mem:           3919        2089         242           0        1588        1543
Mem:           3919        2089         241           0        1588        1543
Mem:           3919        2087         243           0        1588        1544
Mem:           3919        2088         242           0        1588        1543
Mem:           3919        2088         242           0        1588        1543
Mem:           3919        2088         242           0        1588        1543
Mem:           3919        2088         242           0        1588        1543
Mem:           3919        2088         242           0        1588        1543
Mem:           3919        2088         242           0        1588        1543
Mem:           3919        2087         243           0        1588        1544
Mem:           3919        2087         243           0        1588        1544
Mem:           3919        2087         243           0        1588        1544
Mem:           3919        2088         242           0        1588        1543
Mem:           3919        2087         243           0        1588        1544
Mem:           3919        2086         244           0        1588        1545
Mem:           3919        2086         244           0        1588        1545
Mem:           3919        2088         242           0        1588        1544
Mem:           3919        2087         244           0        1588        1545
Mem:           3919        2084         246           0        1588        1547
Mem:           3919        2086         245           0        1588        1546
Mem:           3919        2085         245           0        1588        1546
Mem:           3919        2084         246           0        1588        1547
Mem:           3919        2084         246           0        1588        1547
Mem:           3919        2085         245           0        1588        1546
Mem:           3919        2085         245           0        1588        1546
Mem:           3919        2085         245           0        1588        1547
Mem:           3919        2085         245           0        1588        1546
Mem:           3919        2084         246           0        1588        1547
Mem:           3919        2085         245           0        1588        1546
Mem:           3919        2086         244           0        1588        1546
Mem:           3919        2085         245           0        1588        1546
Mem:           3919        2086         244           0        1588        1545
Mem:           3919        2086         244           0        1588        1545
Mem:           3919        2085         245           0        1588        1547
Mem:           3919        2086         244           0        1588        1546
Mem:           3919        2087         243           0        1588        1545
Mem:           3919        2087         243           0        1588        1544
Mem:           3919        2087         243           0        1588        1544
Mem:           3919        2087         243           0        1588        1544
Mem:           3919        2088         242           0        1588        1544
Mem:           3919        2088         242           0        1588        1543
Mem:           3919        2088         242           0        1588        1543
Mem:           3919        2089         241           0        1588        1542
Mem:           3919        2089         241           0        1588        1542
Mem:           3919        2089         241           0        1588        1542
Mem:           3919        2087         243           0        1588        1544
Mem:           3919        2087         243           0        1588        1544
Mem:           3919        2088         242           0        1588        1543
Mem:           3919        2087         243           0        1588        1544
Mem:           3919        2088         242           0        1588        1544
Mem:           3919        2087         243           0        1588        1544
Mem:           3919        2086         244           0        1588        1546
Mem:           3919        2085         245           0        1588        1546
Mem:           3919        2086         244           0        1588        1545
Mem:           3919        2086         244           0        1588        1546
Mem:           3919        2087         243           0        1588        1544
Mem:           3919        2088         242           0        1588        1543
Mem:           3919        2089         242           0        1588        1543
Mem:           3919        2089         241           0        1588        1542
Mem:           3919        2083         247           0        1588        1549
Mem:           3919        2083         247           0        1588        1549
Mem:           3919        2084         246           0        1588        1548
Mem:           3919        2084         246           0        1588        1548
Mem:           3919        2083         247           0        1588        1548
Mem:           3919        2082         249           0        1588        1550
Mem:           3919        2081         249           0        1588        1550
Mem:           3919        2083         247           0        1588        1549
Mem:           3919        2083         247           0        1588        1548
Mem:           3919        2082         248           0        1588        1549
Mem:           3919        2083         247           0        1588        1548
Mem:           3919        2082         248           0        1588        1549
Mem:           3919        2083         247           0        1588        1548
Mem:           3919        2083         247           0        1588        1548
Mem:           3919        2083         247           0        1588        1548
Mem:           3919        2083         247           0        1588        1549
Mem:           3919        2082         248           0        1588        1550
Mem:           3919        2082         248           0        1588        1549
Mem:           3919        2081         249           0        1588        1550
Mem:           3919        2082         248           0        1588        1549
Mem:           3919        2082         248           0        1588        1549
Mem:           3919        2082         248           0        1588        1549
Mem:           3919        2081         249           0        1588        1550
Mem:           3919        2082         248           0        1588        1549
Mem:           3919        2084         246           0        1588        1548
Mem:           3919        2084         246           0        1588        1548
Mem:           3919        2084         246           0        1588        1547
Mem:           3919        2083         247           0        1588        1548
Mem:           3919        2084         246           0        1588        1548
Mem:           3919        2084         246           0        1588        1547
Mem:           3919        2084         246           0        1588        1548
Mem:           3919        2082         248           0        1588        1549
Mem:           3919        2082         248           0        1588        1549
Mem:           3919        2083         247           0        1588        1548
Mem:           3919        2083         247           0        1588        1548
Mem:           3919        2082         248           0        1588        1549
Mem:           3919        2083         247           0        1588        1548
Mem:           3919        2084         246           0        1588        1547
Mem:           3919        2083         247           0        1588        1548
Mem:           3919        2081         248           0        1588        1550
Mem:           3919        2082         248           0        1588        1549
Mem:           3919        2082         248           0        1588        1549
Mem:           3919        2082         248           0        1588        1550
Mem:           3919        2082         248           0        1588        1550
Mem:           3919        2083         247           0        1588        1548
Mem:           3919        2083         246           0        1588        1548
Mem:           3919        2082         248           0        1588        1549
Mem:           3919        2101         229           0        1588        1530
Mem:           3919        2084         246           0        1588        1547
Mem:           3919        2093         236           0        1589        1538
Mem:           3919        2088         242           0        1589        1544
Mem:           3919        2088         241           0        1589        1543
Mem:           3919        2089         241           0        1589        1543
Mem:           3919        2089         241           0        1589        1542
Mem:           3919        2089         241           0        1589        1542
Mem:           3919        2082         247           0        1589        1549
Mem:           3919        2082         247           0        1589        1549
Mem:           3919        2082         247           0        1589        1549
Mem:           3919        2080         250           0        1589        1552
Mem:           3919        2082         247           0        1589        1549
Mem:           3919        2082         248           0        1589        1549
Mem:           3919        2081         248           0        1589        1550
Mem:           3919        2079         250           0        1589        1552
Mem:           3919        2081         248           0        1589        1550
Mem:           3919        2081         249           0        1589        1550
Mem:           3919        2081         249           0        1589        1550
Mem:           3919        2083         247           0        1589        1549
Mem:           3919        2081         249           0        1589        1551
Mem:           3919        2081         249           0        1589        1551
Mem:           3919        2082         248           0        1589        1549
Mem:           3919        2081         248           0        1589        1550
Mem:           3919        2082         248           0        1589        1549
Mem:           3919        2082         248           0        1589        1549
Mem:           3919        2083         247           0        1589        1548
Mem:           3919        2083         247           0        1589        1548
Mem:           3919        2082         248           0        1589        1549
Mem:           3919        2082         248           0        1589        1549
Mem:           3919        2083         247           0        1589        1548
Mem:           3919        2083         247           0        1589        1548
Mem:           3919        2084         246           0        1589        1547
Mem:           3919        2084         245           0        1589        1547
Mem:           3919        2084         245           0        1589        1547
Mem:           3919        2085         245           0        1589        1546
Mem:           3919        2082         248           0        1589        1549
Mem:           3919        2082         247           0        1589        1549
Mem:           3919        2082         248           0        1589        1550
Mem:           3919        2082         248           0        1589        1550
Mem:           3919        2083         247           0        1589        1548
Mem:           3919        2083         247           0        1589        1548
Mem:           3919        2083         247           0        1589        1549
Mem:           3919        2083         247           0        1589        1548
Mem:           3919        2084         246           0        1589        1548
Mem:           3919        2084         246           0        1589        1548
Mem:           3919        2084         246           0        1589        1547
Mem:           3919        2083         247           0        1589        1548
Mem:           3919        2083         247           0        1589        1548
Mem:           3919        2083         247           0        1589        1548
Mem:           3919        2081         249           0        1589        1551
Mem:           3919        2081         249           0        1589        1551
Mem:           3919        2081         249           0        1589        1550
Mem:           3919        2082         248           0        1589        1550
Mem:           3919        2082         248           0        1589        1549
Mem:           3919        2082         248           0        1589        1549
Mem:           3919        2084         246           0        1589        1547
Mem:           3919        2083         247           0        1589        1548
Mem:           3919        2082         248           0        1589        1549
Mem:           3919        2082         247           0        1589        1549
Mem:           3919        2083         247           0        1589        1548
Mem:           3919        2084         246           0        1589        1548
Mem:           3919        2082         248           0        1589        1549
Mem:           3919        2081         249           0        1589        1550
Mem:           3919        2083         247           0        1589        1548
Mem:           3919        2082         247           0        1589        1549
Mem:           3919        2083         247           0        1589        1549
Mem:           3919        2083         247           0        1589        1549
Mem:           3919        2082         247           0        1589        1549
Mem:           3919        2082         247           0        1589        1549
Mem:           3919        2082         248           0        1589        1550
Mem:           3919        2082         248           0        1589        1549
Mem:           3919        2082         248           0        1589        1550
Mem:           3919        2082         248           0        1589        1549
Mem:           3919        2081         249           0        1589        1551
Mem:           3919        2081         249           0        1589        1550
Mem:           3919        2083         247           0        1589        1548
Mem:           3919        2084         246           0        1589        1547
Mem:           3919        2083         247           0        1589        1548
Mem:           3919        2085         245           0        1589        1547
Mem:           3919        2085         244           0        1589        1546
Mem:           3919        2086         244           0        1589        1546
Mem:           3919        2085         244           0        1589        1546
Mem:           3919        2085         244           0        1589        1546
Mem:           3919        2085         244           0        1589        1546
Mem:           3919        2085         245           0        1589        1546
Mem:           3919        2085         244           0        1589        1546
Mem:           3919        2085         244           0        1589        1546
Mem:           3919        2086         244           0        1589        1545
Mem:           3919        2087         243           0        1589        1545
Mem:           3919        2086         243           0        1589        1545
Mem:           3919        2087         243           0        1589        1545
Mem:           3919        2087         242           0        1589        1544
Mem:           3919        2088         242           0        1589        1543
Mem:           3919        2087         242           0        1589        1544
Mem:           3919        2087         242           0        1589        1544
Mem:           3919        2084         246           0        1589        1548
Mem:           3919        2083         246           0        1589        1548
Mem:           3919        2082         248           0        1589        1549
Mem:           3919        2083         247           0        1589        1548
Mem:           3919        2083         246           0        1589        1548
Mem:           3919        2083         246           0        1589        1548
Mem:           3919        2083         247           0        1589        1549
Mem:           3919        2082         247           0        1589        1549
Mem:           3919        2083         247           0        1589        1548
Mem:           3919        2082         248           0        1589        1549
Mem:           3919        2083         247           0        1589        1548
Mem:           3919        2083         247           0        1589        1548
Mem:           3919        2083         247           0        1589        1548
Mem:           3919        2083         247           0        1589        1549
Mem:           3919        2083         246           0        1589        1548
Mem:           3919        2083         246           0        1589        1548
Mem:           3919        2082         248           0        1589        1549
Mem:           3919        2083         247           0        1589        1548
Mem:           3919        2083         246           0        1589        1548
Mem:           3919        2083         246           0        1589        1548
Mem:           3919        2082         248           0        1589        1550
Mem:           3919        2081         249           0        1589        1550
Mem:           3919        2082         248           0        1589        1549
Mem:           3919        2083         247           0        1589        1549
Mem:           3919        2081         248           0        1589        1550
Mem:           3919        2082         247           0        1589        1549
Mem:           3919        2082         247           0        1589        1549
Mem:           3919        2083         247           0        1589        1549
Mem:           3919        2081         249           0        1589        1550
Mem:           3919        2082         248           0        1589        1549
Mem:           3919        2082         248           0        1589        1550
Mem:           3919        2083         246           0        1589        1548
Mem:           3919        2085         244           0        1589        1546
Mem:           3919        2085         244           0        1589        1546
Mem:           3919        2086         244           0        1589        1545
Mem:           3919        2087         243           0        1589        1544
Mem:           3919        2087         243           0        1589        1545
Mem:           3919        2088         242           0        1589        1544
Mem:           3919        2088         242           0        1589        1544
Mem:           3919        2088         242           0        1589        1543
Mem:           3919        2086         244           0        1589        1546
Mem:           3919        2085         244           0        1589        1546
Mem:           3919        2085         244           0        1589        1546
Mem:           3919        2086         244           0        1589        1545
Mem:           3919        2085         245           0        1589        1547
Mem:           3919        2087         242           0        1589        1544
Mem:           3919        2087         242           0        1589        1544
Mem:           3919        2092         238           0        1589        1539
Mem:           3919        2090         239           0        1589        1541
Mem:           3919        2090         239           0        1589        1541
Mem:           3919        2091         238           0        1589        1540
Mem:           3919        2091         239           0        1589        1541
Mem:           3919        2091         239           0        1589        1541
Mem:           3919        2091         239           0        1589        1541
Mem:           3919        2090         240           0        1589        1541
Mem:           3919        2090         239           0        1589        1541
Mem:           3919        2091         239           0        1589        1540
Mem:           3919        2091         238           0        1589        1540
Mem:           3919        2091         238           0        1589        1540
Mem:           3919        2091         238           0        1589        1540
Mem:           3919        2092         238           0        1589        1540
Mem:           3919        2091         239           0        1589        1541
Mem:           3919        2091         238           0        1589        1540
Mem:           3919        2091         239           0        1589        1541
Mem:           3919        2087         242           0        1589        1544
Mem:           3919        2088         241           0        1589        1543
Mem:           3919        2088         241           0        1589        1543
Mem:           3919        2089         241           0        1589        1543
Mem:           3919        2086         244           0        1589        1546
Mem:           3919        2086         243           0        1589        1545
Mem:           3919        2086         243           0        1589        1545
Mem:           3919        2086         243           0        1589        1545
Mem:           3919        2086         243           0        1589        1545
Mem:           3919        2087         243           0        1589        1545
Mem:           3919        2087         242           0        1589        1544
Mem:           3919        2091         239           0        1589        1541
Mem:           3919        2086         243           0        1589        1545
Mem:           3919        2087         242           0        1589        1544
Mem:           3919        2087         242           0        1589        1544
Mem:           3919        2090         239           0        1589        1541
Mem:           3919        2085         244           0        1589        1546
Mem:           3919        2086         243           0        1589        1545
Mem:           3919        2086         243           0        1589        1545
Mem:           3919        2087         242           0        1589        1544
Mem:           3919        2087         242           0        1589        1544
Mem:           3919        2088         242           0        1589        1544
Mem:           3919        2088         242           0        1589        1544
Mem:           3919        2086         243           0        1589        1545
Mem:           3919        2086         243           0        1589        1545
Mem:           3919        2086         243           0        1589        1545
Mem:           3919        2087         243           0        1589        1545
Mem:           3919        2086         243           0        1589        1545
Mem:           3919        2087         242           0        1589        1544
Mem:           3919        2087         242           0        1589        1544
Mem:           3919        2087         243           0        1589        1545
Mem:           3919        2086         244           0        1589        1546
Mem:           3919        2086         243           0        1589        1545
Mem:           3919        2086         243           0        1589        1545
Mem:           3919        2084         245           0        1589        1547
Mem:           3919        2085         244           0        1589        1546
Mem:           3919        2085         244           0        1589        1546
Mem:           3919        2085         244           0        1589        1546
Mem:           3919        2085         244           0        1589        1546
Mem:           3919        2086         244           0        1589        1546
Mem:           3919        2085         244           0        1589        1546
Mem:           3919        2085         244           0        1589        1546
Mem:           3919        2086         243           0        1589        1545
Mem:           3919        2084         245           0        1589        1547
Mem:           3919        2085         244           0        1589        1546
Mem:           3919        2086         243           0        1589        1545
Mem:           3919        2086         244           0        1589        1546
Mem:           3919        2086         244           0        1589        1546
Mem:           3919        2086         243           0        1589        1545
Mem:           3919        2087         243           0        1589        1545
Mem:           3919        2087         243           0        1589        1545
Mem:           3919        2086         243           0        1589        1545
Mem:           3919        2086         243           0        1589        1545
Mem:           3919        2086         244           0        1589        1546
Mem:           3919        2086         244           0        1589        1546
Mem:           3919        2085         244           0        1589        1546
Mem:           3919        2086         244           0        1589        1546
Mem:           3919        2086         243           0        1589        1545
Mem:           3919        2085         244           0        1589        1546
Mem:           3919        2086         244           0        1589        1546
Mem:           3919        2087         243           0        1589        1545
Mem:           3919        2086         243           0        1589        1545
Mem:           3919        2086         243           0        1589        1545
Mem:           3919        2085         244           0        1589        1546
Mem:           3919        2086         243           0        1589        1545
Mem:           3919        2086         243           0        1589        1545
Mem:           3919        2087         242           0        1589        1544
Mem:           3919        2086         244           0        1589        1546
Mem:           3919        2086         244           0        1589        1546
Mem:           3919        2086         244           0        1589        1546
Mem:           3919        2084         245           0        1589        1547
Mem:           3919        2086         244           0        1589        1546
Mem:           3919        2085         244           0        1589        1546
Mem:           3919        2086         243           0        1589        1545
Mem:           3919        2086         243           0        1589        1545
Mem:           3919        2086         243           0        1589        1545
Mem:           3919        2086         243           0        1589        1545
Mem:           3919        2085         244           0        1589        1546
Mem:           3919        2083         246           0        1589        1548
Mem:           3919        2085         244           0        1589        1546
Mem:           3919        2085         244           0        1589        1546
Mem:           3919        2085         244           0        1589        1546
Mem:           3919        2086         244           0        1589        1546
Mem:           3919        2085         245           0        1589        1547
Mem:           3919        2084         245           0        1589        1547
Mem:           3919        2084         245           0        1589        1547
Mem:           3919        2084         246           0        1589        1548
Mem:           3919        2085         244           0        1589        1546
Mem:           3919        2085         244           0        1589        1546
Mem:           3919        2086         243           0        1589        1545
Mem:           3919        2085         244           0        1589        1546
Mem:           3919        2086         243           0        1589        1545
Mem:           3919        2085         244           0        1589        1546
Mem:           3919        2086         243           0        1589        1545
Mem:           3919        2085         244           0        1589        1546
Mem:           3919        2085         244           0        1589        1546
Mem:           3919        2087         242           0        1589        1544
Mem:           3919        2086         243           0        1589        1545
Mem:           3919        2085         244           0        1589        1546
Mem:           3919        2087         243           0        1589        1545
Mem:           3919        2087         243           0        1589        1545
Mem:           3919        2086         243           0        1589        1545
Mem:           3919        2086         243           0        1589        1545
Mem:           3919        2086         244           0        1589        1546
Mem:           3919        2084         245           0        1589        1547
Mem:           3919        2083         246           0        1589        1548
Mem:           3919        2084         245           0        1589        1547
Mem:           3919        2085         244           0        1589        1546
Mem:           3919        2085         244           0        1589        1546
Mem:           3919        2084         245           0        1589        1547
Mem:           3919        2085         245           0        1589        1547
Mem:           3919        2086         243           0        1589        1546
Mem:           3919        2086         244           0        1589        1546
Mem:           3919        2084         245           0        1589        1547
Mem:           3919        2083         246           0        1589        1548
Mem:           3919        2085         244           0        1589        1547
Mem:           3919        2088         241           0        1589        1543
Mem:           3919        2090         239           0        1589        1541
Mem:           3919        2090         239           0        1589        1541
Mem:           3919        2093         236           0        1589        1539
Mem:           3919        2093         236           0        1589        1538
Mem:           3919        2094         235           0        1589        1538
Mem:           3919        2094         235           0        1589        1538
Mem:           3919        2098         231           0        1589        1533
Mem:           3919        2098         231           0        1589        1533
Mem:           3919        2098         231           0        1589        1533
Mem:           3919        2098         231           0        1589        1533
Mem:           3919        2099         230           0        1589        1533
Mem:           3919        2098         231           0        1589        1533
Mem:           3919        2099         230           0        1589        1532
Mem:           3919        2098         231           0        1589        1533
Mem:           3919        2092         237           0        1589        1539
Mem:           3919        2093         237           0        1589        1539
Mem:           3919        2093         236           0        1589        1538
Mem:           3919        2099         231           0        1589        1533
Mem:           3919        2093         236           0        1589        1538
Mem:           3919        2093         236           0        1589        1538
Mem:           3919        2093         236           0        1589        1538
Mem:           3919        2097         232           0        1589        1535
Mem:           3919        2092         237           0        1589        1539
Mem:           3919        2092         237           0        1589        1539
Mem:           3919        2092         238           0        1589        1540
Mem:           3919        2096         233           0        1589        1535
Mem:           3919        2092         237           0        1589        1539
Mem:           3919        2092         237           0        1589        1539
Mem:           3919        2093         236           0        1589        1538
Mem:           3919        2092         237           0        1589        1539
Mem:           3919        2094         235           0        1589        1537
Mem:           3919        2094         235           0        1589        1538
Mem:           3919        2094         235           0        1589        1538
Mem:           3919        2097         232           0        1589        1534
Mem:           3919        2093         236           0        1589        1538
Mem:           3919        2092         237           0        1589        1539
Mem:           3919        2093         236           0        1589        1539
Mem:           3919        2093         236           0        1589        1538
Mem:           3919        2095         234           0        1589        1537
Mem:           3919        2093         236           0        1589        1538
Mem:           3919        2094         235           0        1589        1537
Mem:           3919        2093         236           0        1589        1538
Mem:           3919        2093         236           0        1589        1539
Mem:           3919        2093         236           0        1589        1538
Mem:           3919        2093         236           0        1589        1538
Mem:           3919        2093         236           0        1589        1538
Mem:           3919        2094         235           0        1589        1537
Mem:           3919        2093         236           0        1589        1538
Mem:           3919        2093         236           0        1589        1538
Mem:           3919        2093         236           0        1589        1538
Mem:           3919        2094         235           0        1589        1537
Mem:           3919        2095         234           0        1589        1537
Mem:           3919        2094         235           0        1589        1537
Mem:           3919        2094         235           0        1589        1538
Mem:           3919        2093         236           0        1589        1538
Mem:           3919        2093         236           0        1589        1538
Mem:           3919        2094         235           0        1589        1538
Mem:           3919        2095         234           0        1589        1536
Mem:           3919        2095         234           0        1589        1536
Mem:           3919        2095         234           0        1589        1537
Mem:           3919        2093         236           0        1589        1538
Mem:           3919        2095         234           0        1589        1536
Mem:           3919        2095         233           0        1589        1536
Mem:           3919        2095         233           0        1589        1536
Mem:           3919        2095         234           0        1589        1536
Mem:           3919        2095         234           0        1589        1536
Mem:           3919        2096         233           0        1589        1535
Mem:           3919        2096         233           0        1589        1535
Mem:           3919        2096         233           0        1589        1535
Mem:           3919        2096         233           0        1589        1536
Mem:           3919        2096         233           0        1589        1536
Mem:           3919        2095         234           0        1589        1536
Mem:           3919        2095         234           0        1589        1536
Mem:           3919        2095         233           0        1589        1536
Mem:           3919        2096         233           0        1589        1535
Mem:           3919        2095         234           0        1589        1536
Mem:           3919        2095         234           0        1589        1536
Mem:           3919        2096         233           0        1589        1536
Mem:           3919        2095         234           0        1589        1536
Mem:           3919        2096         233           0        1589        1536
Mem:           3919        2096         233           0        1589        1536
Mem:           3919        2096         232           0        1589        1535
Mem:           3919        2097         232           0        1589        1535
Mem:           3919        2098         231           0        1589        1534
Mem:           3919        2099         230           0        1589        1532
Mem:           3919        2100         229           0        1589        1532
Mem:           3919        2100         229           0        1589        1532
Mem:           3919        2101         228           0        1589        1530
Mem:           3919        2100         229           0        1589        1531
Mem:           3919        2101         228           0        1589        1530
Mem:           3919        2101         228           0        1589        1530
Mem:           3919        2101         228           0        1589        1530
Mem:           3919        2099         230           0        1589        1532
Mem:           3919        2098         231           0        1589        1533
Mem:           3919        2097         231           0        1589        1534
Mem:           3919        2099         230           0        1589        1533
Mem:           3919        2098         231           0        1589        1533
Mem:           3919        2098         230           0        1589        1533
Mem:           3919        2099         230           0        1589        1532
Mem:           3919        2099         230           0        1589        1532
Mem:           3919        2098         231           0        1589        1533
Mem:           3919        2099         230           0        1589        1532
Mem:           3919        2099         229           0        1589        1532
Mem:           3919        2100         229           0        1589        1531
Mem:           3919        2099         230           0        1589        1532
Mem:           3919        2100         229           0        1589        1531
Mem:           3919        2100         229           0        1589        1531
Mem:           3919        2100         229           0        1589        1532
Mem:           3919        2100         228           0        1589        1531
Mem:           3919        2101         228           0        1589        1531
Mem:           3919        2100         229           0        1589        1531
Mem:           3919        2100         229           0        1589        1532
Mem:           3919        2100         228           0        1589        1531
Mem:           3919        2100         229           0        1589        1531
Mem:           3919        2101         228           0        1589        1530
Mem:           3919        2101         228           0        1589        1530
Mem:           3919        2102         227           0        1589        1529
Mem:           3919        2104         225           0        1589        1528
Mem:           3919        2103         226           0        1589        1528
Mem:           3919        2103         226           0        1589        1528
Mem:           3919        2102         227           0        1589        1529
Mem:           3919        2102         227           0        1589        1529
Mem:           3919        2102         227           0        1589        1530
Mem:           3919        2102         227           0        1589        1530
Mem:           3919        2101         228           0        1589        1530
Mem:           3919        2101         227           0        1589        1530
Mem:           3919        2101         228           0        1589        1530
Mem:           3919        2102         227           0        1589        1529
Mem:           3919        2102         227           0        1589        1529
Mem:           3919        2101         228           0        1589        1531
Mem:           3919        2101         227           0        1589        1530
Mem:           3919        2102         227           0        1589        1530
Mem:           3919        2101         228           0        1589        1530
Mem:           3919        2101         228           0        1589        1531
Mem:           3919        2101         228           0        1589        1531
Mem:           3919        2101         228           0        1589        1530
Mem:           3919        2102         227           0        1589        1529
Mem:           3919        2102         227           0        1589        1530
Mem:           3919        2102         227           0        1589        1530
Mem:           3919        2102         227           0        1589        1530
Mem:           3919        2100         229           0        1589        1531
Mem:           3919        2103         225           0        1589        1528
Mem:           3919        2104         225           0        1589        1527
Mem:           3919        2104         225           0        1589        1528
Mem:           3919        2104         225           0        1589        1527
Mem:           3919        2104         225           0        1589        1527
Mem:           3919        2106         223           0        1589        1526
Mem:           3919        2135         193           0        1589        1496
Mem:           3919        2109         220           0        1589        1522
Mem:           3919        2114         215           0        1590        1518
Mem:           3919        2109         220           0        1590        1522
Mem:           3919        2109         220           0        1590        1523
Mem:           3919        2109         220           0        1590        1522
Mem:           3919        2109         220           0        1590        1523
Mem:           3919        2109         220           0        1590        1523
Mem:           3919        2108         221           0        1590        1523
Mem:           3919        2109         220           0        1590        1522
Mem:           3919        2104         225           0        1590        1527
Mem:           3919        2104         225           0        1590        1527
Mem:           3919        2105         224           0        1590        1526
Mem:           3919        2104         225           0        1590        1527
Mem:           3919        2104         225           0        1590        1527
Mem:           3919        2104         225           0        1590        1527
Mem:           3919        2104         225           0        1590        1527
Mem:           3919        2103         225           0        1590        1528
Mem:           3919        2104         224           0        1590        1527
Mem:           3919        2104         225           0        1590        1527
Mem:           3919        2104         225           0        1590        1527
Mem:           3919        2102         227           0        1590        1529
Mem:           3919        2102         227           0        1590        1530
Mem:           3919        2101         228           0        1590        1531
Mem:           3919        2101         227           0        1590        1530
Mem:           3919        2102         227           0        1590        1529
Mem:           3919        2101         227           0        1590        1530
Mem:           3919        2102         227           0        1590        1529
Mem:           3919        2103         226           0        1590        1529
Mem:           3919        2102         226           0        1590        1529
Mem:           3919        2103         226           0        1590        1528
Mem:           3919        2103         226           0        1589        1529
Mem:           3919        2103         226           0        1589        1528
Mem:           3919        2103         226           0        1589        1528
Mem:           3919        2103         225           0        1590        1528
Mem:           3919        2104         225           0        1590        1527
Mem:           3919        2104         225           0        1590        1527
Mem:           3919        2102         227           0        1590        1529
Mem:           3919        2101         227           0        1590        1530
Mem:           3919        2101         227           0        1590        1530
Mem:           3919        2101         227           0        1590        1530
Mem:           3919        2101         227           0        1590        1530
Mem:           3919        2101         227           0        1590        1530
Mem:           3919        2101         228           0        1590        1530
Mem:           3919        2101         228           0        1590        1531
Mem:           3919        2101         228           0        1590        1530
Mem:           3919        2100         228           0        1590        1531
Mem:           3919        2101         227           0        1590        1530
Mem:           3919        2101         227           0        1590        1530
Mem:           3919        2100         228           0        1590        1531
Mem:           3919        2101         227           0        1590        1530
Mem:           3919        2102         227           0        1590        1530
Mem:           3919        2101         228           0        1590        1531
Mem:           3919        2101         227           0        1590        1530
Mem:           3919        2101         227           0        1590        1530
Mem:           3919        2101         227           0        1590        1530
Mem:           3919        2102         226           0        1590        1529
Mem:           3919        2102         226           0        1590        1529
Mem:           3919        2102         226           0        1590        1529
Mem:           3919        2102         227           0        1590        1530
Mem:           3919        2102         226           0        1590        1529
Mem:           3919        2101         227           0        1590        1530
Mem:           3919        2080         249           0        1590        1552
Mem:           3919        2082         246           0        1590        1550
Mem:           3919        2081         247           0        1590        1550
Mem:           3919        2083         245           0        1590        1548
Mem:           3919        2082         246           0        1590        1549
Mem:           3919        2083         245           0        1590        1548
Mem:           3919        2083         245           0        1590        1548
Mem:           3919        2082         246           0        1590        1549
Mem:           3919        2083         246           0        1590        1549
Mem:           3919        2082         246           0        1590        1549
Mem:           3919        2081         247           0        1590        1550
Mem:           3919        2081         247           0        1590        1551
Mem:           3919        2102         225           0        1590        1529
Mem:           3919        2099         228           0        1591        1532
Mem:           3919        2099         229           0        1591        1532
Mem:           3919        2098         230           0        1591        1534
Mem:           3919        2097         231           0        1591        1534
Mem:           3919        2081         247           0        1591        1550
Mem:           3919        2081         246           0        1591        1550
Mem:           3919        2083         245           0        1591        1548
Mem:           3919        2081         247           0        1591        1551
Mem:           3919        2081         247           0        1591        1551
Mem:           3919        2080         247           0        1591        1551
Mem:           3919        2080         247           0        1591        1551
Mem:           3919        2081         247           0        1591        1550
Mem:           3919        2081         247           0        1591        1551
Mem:           3919        2081         246           0        1591        1550
Mem:           3919        2081         246           0        1591        1550
Mem:           3919        2081         247           0        1591        1551
Mem:           3919        2080         247           0        1591        1551
Mem:           3919        2080         247           0        1591        1551
Mem:           3919        2081         246           0        1591        1550
Mem:           3919        2081         246           0        1591        1550
Mem:           3919        2082         246           0        1591        1550
Mem:           3919        2080         248           0        1591        1552
Mem:           3919        2081         246           0        1591        1550
Mem:           3919        2081         246           0        1591        1550
Mem:           3919        2082         245           0        1591        1549
Mem:           3919        2082         246           0        1591        1550
Mem:           3919        2082         246           0        1591        1550
Mem:           3919        2082         245           0        1591        1549
Mem:           3919        2083         245           0        1591        1549
Mem:           3919        2082         245           0        1591        1549
Mem:           3919        2081         246           0        1591        1550
Mem:           3919        2083         244           0        1591        1549
Mem:           3919        2083         244           0        1591        1548
Mem:           3919        2082         245           0        1591        1549
Mem:           3919        2082         245           0        1591        1549
Mem:           3919        2082         245           0        1591        1549
Mem:           3919        2083         244           0        1591        1548
Mem:           3919        2082         245           0        1591        1549
Mem:           3919        2083         244           0        1591        1549
Mem:           3919        2082         245           0        1591        1549
Mem:           3919        2083         244           0        1591        1548
Mem:           3919        2083         244           0        1591        1548
Mem:           3919        2083         243           0        1591        1548
Mem:           3919        2084         243           0        1591        1547
Mem:           3919        2084         243           0        1591        1547
Mem:           3919        2083         244           0        1591        1548
Mem:           3919        2084         243           0        1591        1547
Mem:           3919        2084         242           0        1591        1547
Mem:           3919        2089         238           0        1591        1542
Mem:           3919        2093         234           0        1591        1538
Mem:           3919        2094         233           0        1592        1537
Mem:           3919        2093         234           0        1592        1539
Mem:           3919        2094         233           0        1592        1537
Mem:           3919        2092         234           0        1592        1539
Mem:           3919        2092         235           0        1592        1539
Mem:           3919        2093         234           0        1592        1538
Mem:           3919        2091         235           0        1592        1540
Mem:           3919        2087         240           0        1592        1544
Mem:           3919        2087         240           0        1592        1545
Mem:           3919        2086         241           0        1592        1545
Mem:           3919        2086         241           0        1592        1546
Mem:           3919        2086         241           0        1592        1546
Mem:           3919        2085         241           0        1592        1546
Mem:           3919        2085         242           0        1592        1546
Mem:           3919        2086         241           0        1592        1546
Mem:           3919        2085         241           0        1592        1546
Mem:           3919        2086         241           0        1592        1545
Mem:           3919        2085         242           0        1592        1546
Mem:           3919        2085         242           0        1592        1547
Mem:           3919        2087         239           0        1592        1544
Mem:           3919        2086         240           0        1592        1545
Mem:           3919        2086         240           0        1592        1545
Mem:           3919        2087         240           0        1592        1544
Mem:           3919        2087         240           0        1592        1545
Mem:           3919        2086         240           0        1592        1545
Mem:           3919        2087         240           0        1592        1544
Mem:           3919        2086         240           0        1592        1545
Mem:           3919        2088         239           0        1592        1543
Mem:           3919        2088         238           0        1592        1543
Mem:           3919        2087         239           0        1592        1544
Mem:           3919        2090         237           0        1592        1541
Mem:           3919        2089         238           0        1592        1542
Mem:           3919        2090         237           0        1592        1541
Mem:           3919        2090         236           0        1592        1541
Mem:           3919        2090         236           0        1592        1541
Mem:           3919        2087         239           0        1592        1544
Mem:           3919        2088         238           0        1592        1543
Mem:           3919        2088         239           0        1592        1543
Mem:           3919        2089         238           0        1592        1542
Mem:           3919        2088         238           0        1592        1543
Mem:           3919        2089         238           0        1592        1543
Mem:           3919        2087         240           0        1592        1545
Mem:           3919        2087         240           0        1592        1544
Mem:           3919        2087         239           0        1592        1544
Mem:           3919        2093         234           0        1592        1539
Mem:           3919        2087         239           0        1592        1544
Mem:           3919        2089         238           0        1592        1543
Mem:           3919        2088         238           0        1592        1543
Mem:           3919        2088         238           0        1592        1543
Mem:           3919        2089         237           0        1592        1542
Mem:           3919        2087         239           0        1592        1544
Mem:           3919        2087         239           0        1592        1544
Mem:           3919        2086         240           0        1592        1545
Mem:           3919        2086         240           0        1592        1545
Mem:           3919        2087         239           0        1592        1544
Mem:           3919        2087         239           0        1592        1544
Mem:           3919        2088         239           0        1592        1544
Mem:           3919        2088         238           0        1592        1543
Mem:           3919        2087         240           0        1592        1544
Mem:           3919        2087         239           0        1592        1544
Mem:           3919        2088         239           0        1592        1544
Mem:           3919        2088         238           0        1592        1543
Mem:           3919        2088         238           0        1592        1543
Mem:           3919        2087         239           0        1592        1544
Mem:           3919        2087         239           0        1592        1544
Mem:           3919        2087         239           0        1592        1544
Mem:           3919        2087         240           0        1592        1545
Mem:           3919        2088         239           0        1592        1544
Mem:           3919        2088         238           0        1592        1543
Mem:           3919        2089         238           0        1592        1543
Mem:           3919        2088         238           0        1592        1543
Mem:           3919        2089         237           0        1592        1542
Mem:           3919        2088         238           0        1592        1543
Mem:           3919        2088         238           0        1592        1543
Mem:           3919        2088         238           0        1592        1543
Mem:           3919        2089         238           0        1592        1543
Mem:           3919        2089         238           0        1592        1543
Mem:           3919        2083         244           0        1592        1549
Mem:           3919        2084         242           0        1592        1547
Mem:           3919        2084         243           0        1592        1548
Mem:           3919        2082         244           0        1592        1549
Mem:           3919        2085         241           0        1592        1546
Mem:           3919        2084         243           0        1592        1548
Mem:           3919        2084         242           0        1592        1547
Mem:           3919        2083         244           0        1592        1549
Mem:           3919        2082         244           0        1592        1549
Mem:           3919        2083         244           0        1592        1549
Mem:           3919        2083         243           0        1592        1548
Mem:           3919        2084         242           0        1592        1547
Mem:           3919        2084         242           0        1592        1547
Mem:           3919        2084         242           0        1592        1547
Mem:           3919        2084         242           0        1592        1547
Mem:           3919        2083         243           0        1592        1548
Mem:           3919        2084         243           0        1592        1548
Mem:           3919        2083         243           0        1592        1548
Mem:           3919        2082         244           0        1592        1549
Mem:           3919        2083         243           0        1592        1548
Mem:           3919        2083         243           0        1592        1548
Mem:           3919        2083         244           0        1592        1549
Mem:           3919        2082         244           0        1592        1549
Mem:           3919        2084         243           0        1592        1548
Mem:           3919        2084         243           0        1592        1548
Mem:           3919        2083         243           0        1592        1548
Mem:           3919        2084         242           0        1592        1547
Mem:           3919        2083         244           0        1592        1549
Mem:           3919        2083         243           0        1592        1548
Mem:           3919        2083         243           0        1592        1548
Mem:           3919        2084         243           0        1592        1548
Mem:           3919        2083         243           0        1592        1548
Mem:           3919        2083         243           0        1592        1548
Mem:           3919        2085         241           0        1592        1546
Mem:           3919        2083         243           0        1592        1548
Mem:           3919        2084         243           0        1592        1548
Mem:           3919        2083         243           0        1592        1548
Mem:           3919        2083         243           0        1592        1548
Mem:           3919        2084         242           0        1592        1547
Mem:           3919        2083         243           0        1592        1548
Mem:           3919        2085         242           0        1592        1547
Mem:           3919        2084         242           0        1592        1547
Mem:           3919        2085         241           0        1592        1546
Mem:           3919        2085         241           0        1592        1546
Mem:           3919        2085         241           0        1592        1546
Mem:           3919        2084         242           0        1592        1547
Mem:           3919        2084         242           0        1592        1547
Mem:           3919        2082         244           0        1592        1549
Mem:           3919        2084         243           0        1592        1548
Mem:           3919        2084         242           0        1592        1547
Mem:           3919        2091         235           0        1592        1540
Mem:           3919        2098         228           0        1592        1533
Mem:           3919        2089         238           0        1592        1543
Mem:           3919        2092         234           0        1592        1539
Mem:           3919        2093         233           0        1592        1539
Mem:           3919        2093         233           0        1592        1539
Mem:           3919        2093         233           0        1592        1538
Mem:           3919        2092         234           0        1592        1539
Mem:           3919        2093         233           0        1592        1538
Mem:           3919        2093         233           0        1592        1538
Mem:           3919        2093         233           0        1592        1538
Mem:           3919        2094         232           0        1592        1537
Mem:           3919        2093         233           0        1592        1538
Mem:           3919        2094         232           0        1592        1538
Mem:           3919        2095         231           0        1592        1536
Mem:           3919        2094         232           0        1592        1538
Mem:           3919        2093         233           0        1592        1538
Mem:           3919        2093         233           0        1592        1538
Mem:           3919        2089         238           0        1592        1543
Mem:           3919        2088         238           0        1592        1544
Mem:           3919        2088         238           0        1592        1543
Mem:           3919        2088         238           0        1592        1543
Mem:           3919        2089         238           0        1592        1543
Mem:           3919        2088         238           0        1592        1543
Mem:           3919        2089         237           0        1592        1543
Mem:           3919        2087         239           0        1592        1544
Mem:           3919        2087         239           0        1592        1545
Mem:           3919        2086         240           0        1592        1545
Mem:           3919        2084         242           0        1592        1547
Mem:           3919        2085         241           0        1592        1546
Mem:           3919        2086         240           0        1592        1546
Mem:           3919        2085         241           0        1592        1547
Mem:           3919        2085         241           0        1592        1547
Mem:           3919        2085         241           0        1592        1547
Mem:           3919        2085         241           0        1592        1547
Mem:           3919        2085         241           0        1592        1547
Mem:           3919        2086         240           0        1592        1545
Mem:           3919        2087         239           0        1592        1545
Mem:           3919        2087         239           0        1592        1544
Mem:           3919        2087         239           0        1592        1545
Mem:           3919        2087         239           0        1592        1545
Mem:           3919        2086         240           0        1592        1545
Mem:           3919        2086         240           0        1592        1545
Mem:           3919        2087         239           0        1592        1544
Mem:           3919        2087         239           0        1592        1545
Mem:           3919        2087         239           0        1592        1544
Mem:           3919        2088         238           0        1592        1543
Mem:           3919        2086         240           0        1592        1545
Mem:           3919        2084         242           0        1592        1547
Mem:           3919        2084         242           0        1592        1547
Mem:           3919        2085         241           0        1592        1546
Mem:           3919        2084         242           0        1592        1547
Mem:           3919        2085         241           0        1592        1547
Mem:           3919        2085         241           0        1592        1547
Mem:           3919        2085         241           0        1592        1546
Mem:           3919        2086         240           0        1592        1545
Mem:           3919        2086         240           0        1592        1546
Mem:           3919        2084         242           0        1592        1547
Mem:           3919        2084         242           0        1592        1547
Mem:           3919        2084         242           0        1592        1547
Mem:           3919        2084         241           0        1592        1547
Mem:           3919        2084         242           0        1592        1548
Mem:           3919        2085         241           0        1592        1546
Mem:           3919        2086         239           0        1592        1545
Mem:           3919        2086         240           0        1592        1545
Mem:           3919        2086         240           0        1592        1545
Mem:           3919        2084         242           0        1592        1547
Mem:           3919        2084         242           0        1592        1547
Mem:           3919        2086         240           0        1592        1546
Mem:           3919        2085         241           0        1592        1547
Mem:           3919        2085         241           0        1592        1547
Mem:           3919        2085         241           0        1592        1546
Mem:           3919        2085         241           0        1592        1546
Mem:           3919        2086         240           0        1592        1545
Mem:           3919        2085         241           0        1592        1546
Mem:           3919        2085         241           0        1592        1547
Mem:           3919        2085         241           0        1592        1547
Mem:           3919        2086         240           0        1593        1545
Mem:           3919        2085         241           0        1593        1546
Mem:           3919        2094         229           0        1595        1537
Mem:           3919        2094         229           0        1595        1537
Mem:           3919        2095         229           0        1595        1537
Mem:           3919        2094         229           0        1595        1537
Mem:           3919        2094         229           0        1595        1537
Mem:           3919        2094         229           0        1595        1537
Mem:           3919        2095         229           0        1595        1537
Mem:           3919        2094         229           0        1595        1537
Mem:           3919        2094         229           0        1595        1537
Mem:           3919        2094         229           0        1595        1537
Mem:           3919        2094         229           0        1595        1537
Mem:           3919        2094         229           0        1595        1537
Mem:           3919        2095         228           0        1595        1536
Mem:           3919        2095         229           0        1595        1536
Mem:           3919        2095         228           0        1595        1536
Mem:           3919        2095         228           0        1595        1536
Mem:           3919        2095         228           0        1595        1536
Mem:           3919        2095         228           0        1595        1536
Mem:           3919        2095         229           0        1595        1537
Mem:           3919        2095         229           0        1595        1537
Mem:           3919        2095         229           0        1595        1536
Mem:           3919        2095         229           0        1595        1537
Mem:           3919        2095         228           0        1595        1536
Mem:           3919        2094         230           0        1595        1537
Mem:           3919        2094         229           0        1595        1537
Mem:           3919        2095         229           0        1595        1537
Mem:           3919        2094         229           0        1595        1537
Mem:           3919        2095         229           0        1595        1537
Mem:           3919        2095         229           0        1595        1537
Mem:           3919        2095         228           0        1595        1536
Mem:           3919        2095         229           0        1595        1537
Mem:           3919        2094         229           0        1595        1537
Mem:           3919        2093         230           0        1595        1538
Mem:           3919        2094         230           0        1595        1538
Mem:           3919        2094         230           0        1595        1537
Mem:           3919        2094         229           0        1595        1537
Mem:           3919        2094         229           0        1595        1537
Mem:           3919        2094         229           0        1595        1537
Mem:           3919        2094         229           0        1595        1537
Mem:           3919        2094         230           0        1595        1538
Mem:           3919        2093         230           0        1595        1538
Mem:           3919        2094         230           0        1595        1537
Mem:           3919        2094         230           0        1595        1537
Mem:           3919        2094         229           0        1595        1537
Mem:           3919        2094         229           0        1595        1537
Mem:           3919        2094         229           0        1595        1537
Mem:           3919        2095         229           0        1595        1537
Mem:           3919        2094         229           0        1595        1537
Mem:           3919        2094         229           0        1595        1537
Mem:           3919        2095         229           0        1595        1537
Mem:           3919        2094         229           0        1595        1537
Mem:           3919        2094         229           0        1595        1537
Mem:           3919        2094         229           0        1595        1537
Mem:           3919        2096         228           0        1595        1536
Mem:           3919        2096         228           0        1595        1536
Mem:           3919        2096         228           0        1595        1535
Mem:           3919        2095         229           0        1595        1536
Mem:           3919        2095         229           0        1595        1536
Mem:           3919        2095         229           0        1595        1536
Mem:           3919        2095         229           0        1595        1536
Mem:           3919        2095         229           0        1595        1536
Mem:           3919        2096         228           0        1595        1536
Mem:           3919        2096         228           0        1595        1536
Mem:           3919        2096         228           0        1595        1535
Mem:           3919        2095         228           0        1595        1536
Mem:           3919        2095         228           0        1595        1536
Mem:           3919        2096         228           0        1595        1536
Mem:           3919        2095         228           0        1595        1536
Mem:           3919        2095         228           0        1595        1536
Mem:           3919        2095         228           0        1595        1536
Mem:           3919        2095         228           0        1595        1536
Mem:           3919        2095         228           0        1595        1536
Mem:           3919        2095         228           0        1595        1536
Mem:           3919        2094         229           0        1595        1537
Mem:           3919        2094         229           0        1595        1537
Mem:           3919        2094         229           0        1595        1537
Mem:           3919        2094         229           0        1595        1537
Mem:           3919        2094         229           0        1595        1537
Mem:           3919        2094         229           0        1595        1537
Mem:           3919        2095         229           0        1595        1537
Mem:           3919        2094         229           0        1595        1537
Mem:           3919        2094         229           0        1595        1537
Mem:           3919        2095         229           0        1595        1537
Mem:           3919        2094         229           0        1595        1537
Mem:           3919        2096         228           0        1595        1536
Mem:           3919        2096         228           0        1595        1536
Mem:           3919        2096         228           0        1595        1535
Mem:           3919        2096         227           0        1595        1535
Mem:           3919        2096         227           0        1595        1535
Mem:           3919        2095         228           0        1595        1536
Mem:           3919        2095         228           0        1595        1536
Mem:           3919        2095         228           0        1595        1536
Mem:           3919        2095         228           0        1595        1536
Mem:           3919        2095         228           0        1595        1536
Mem:           3919        2095         228           0        1595        1536
Mem:           3919        2095         228           0        1595        1536
Mem:           3919        2096         228           0        1595        1536
Mem:           3919        2095         228           0        1595        1536
Mem:           3919        2095         228           0        1595        1536
Mem:           3919        2095         228           0        1595        1536
Mem:           3919        2095         228           0        1595        1536
Mem:           3919        2094         229           0        1595        1537
Mem:           3919        2096         227           0        1595        1535
Mem:           3919        2095         229           0        1595        1536
Mem:           3919        2095         228           0        1595        1536
